/BATCH  
/COM,ANSYS RELEASE 12.1    UP20091102       23:01:21    10/19/2016
/input,menust,tmp,'',,,,,,,,,,,,,,,,1   
/GRA,POWER
/GST,ON
/PLO,INFO,3
/GRO,CURL,ON
/CPLANE,1   
/REPLOT,RESIZE  
WPSTYLE,,,,,,,,0
!*  
/NOPR   
/PMETH,OFF,0
KEYW,PR_SET,1   
KEYW,PR_STRUC,1 
KEYW,PR_THERM,0 
KEYW,PR_FLUID,0 
KEYW,PR_ELMAG,0 
KEYW,MAGNOD,0   
KEYW,MAGEDG,0   
KEYW,MAGHFE,0   
KEYW,MAGELC,0   
KEYW,PR_MULTI,0 
KEYW,PR_CFD,0   
/GO 
!*  
/COM,   
/COM,Preferences for GUI filtering have been set to display:
/COM,  Structural   
!*  
/PREP7  
!*  
ET,1,BEAM188
!*  
KEYOPT,1,1,0
KEYOPT,1,2,0
KEYOPT,1,3,0
KEYOPT,1,4,0
KEYOPT,1,6,0
KEYOPT,1,7,0
KEYOPT,1,9,0
KEYOPT,1,11,1   
KEYOPT,1,12,0   
KEYOPT,1,15,0   
!*  
!*  
!*  
!*  
!*  
!*  
MPTEMP,,,,,,,,  
MPTEMP,1,0  
MPDATA,EX,1,,2.034e11   
MPDATA,PRXY,1,,0.3  
MPTEMP,,,,,,,,  
MPTEMP,1,0  
MPDE,EX,1   
MPDE,PRXY,1 
MPDATA,EX,1,,2.034E+011 
MPDATA,PRXY,1,,0.3  
MPTEMP,,,,,,,,  
MPTEMP,1,0  
MPDATA,DENS,1,,7850 
MPTEMP,,,,,,,,  
MPTEMP,1,0  
MPDE,NUXY,1 
MPDE,NUYZ,1 
MPDE,NUXZ,1 
MPDE,PRXY,1 
MPDE,PRYZ,1 
MPDE,PRXZ,1 
MPDE,EX,1   
MPDATA,EX,1,,2.034E+011 
MPDATA,EY,1,,   
MPDATA,EZ,1,,   
MPDATA,PRXY,1,,0.29 
MPDATA,PRYZ,1,, 
MPDATA,PRXZ,1,, 
MPDATA,GXY,1,,  
MPDATA,GYZ,1,,  
MPDATA,GXZ,1,,  
MPTEMP,,,,,,,,  
MPTEMP,1,0  
MPDE,EX,1   
MPDE,EY,1   
MPDE,EZ,1   
MPDE,PRXY,1 
MPDE,PRYZ,1 
MPDE,PRXZ,1 
MPDE,GXY,1  
MPDE,GYZ,1  
MPDE,GXZ,1  
MPDATA,EX,1,,2.034E+011 
MPDATA,PRXY,1,,0.29 
MPTEMP,,,,,,,,  
MPTEMP,1,0  
MPDE,NUXY,1 
MPDE,NUYZ,1 
MPDE,NUXZ,1 
MPDE,PRXY,1 
MPDE,PRYZ,1 
MPDE,PRXZ,1 
MPDE,EX,1   
MPDATA,EX,1,,2.034E+011 
MPDATA,EY,1,,   
MPDATA,EZ,1,,   
MPDATA,PRXY,1,,0.29 
MPDATA,PRYZ,1,, 
MPDATA,PRXZ,1,, 
MPDATA,GXY,1,,7.8835e10 
MPDATA,GYZ,1,,  
MPDATA,GXZ,1,,  
MPTEMP,,,,,,,,  
MPTEMP,1,0  
MPDE,DENS,1 
MPDATA,DENS,1,,7850 
SECTYPE,   1, BEAM, RECT, , 0   
SECOFFSET, CENT 
SECDATA,0.02,0.02,0,0,0,0,0,0,0,0   
SAVE
K,1,,,, 
K,2,25,,,   
LSTR,       1,       2  
SAVE
TYPE,   1   
MAT,       1
REAL,   
ESYS,       0   
SECNUM,   1 
!*  
/UI,MESH,OFF
/UI,MESH,OFF
FLST,5,1,4,ORDE,1   
FITEM,5,1   
CM,_Y,LINE  
LSEL, , , ,P51X 
CM,_Y1,LINE 
CMSEL,,_Y   
!*  
LESIZE,_Y1, , ,10, , , , ,1 
!*  
LMESH,       1  
EPLOT   
/PNUM,KP,0  
/PNUM,LINE,0
/PNUM,AREA,0
/PNUM,VOLU,0
/PNUM,NODE,0
/PNUM,TABN,0
/PNUM,SVAL,0
/NUMBER,0   
!*  
/PNUM,ELEM,1
/REPLOT 
!*  
/PNUM,KP,0  
/PNUM,LINE,0
/PNUM,AREA,0
/PNUM,VOLU,0
/PNUM,NODE,0
/PNUM,TABN,0
/PNUM,SVAL,0
/NUMBER,0   
!*  
/PNUM,ELEM,1
/REPLOT 
!*  
/DIST,1,1.08222638492,1 
/REP,FAST   
/DIST,1,1.08222638492,1 
/REP,FAST   
/DIST,1,1.08222638492,1 
/REP,FAST   
/DIST,1,1.08222638492,1 
/REP,FAST   
/DIST,1,1.08222638492,1 
/REP,FAST   
/DIST,1,1.08222638492,1 
/REP,FAST   
/DIST,1,1.08222638492,1 
/REP,FAST   
/DIST,1,0.924021086472,1
/REP,FAST   
/DIST,1,0.924021086472,1
/REP,FAST   
/DIST,1,0.924021086472,1
/REP,FAST   
/DIST,1,0.924021086472,1
/REP,FAST   
/DIST,1,0.924021086472,1
/REP,FAST   
/DIST,1,0.924021086472,1
/REP,FAST   
/DIST,1,0.924021086472,1
/REP,FAST   
/DIST,1,0.924021086472,1
/REP,FAST   
/DIST,1,0.924021086472,1
/REP,FAST   
/DIST,1,0.924021086472,1
/REP,FAST   
/DIST,1,0.924021086472,1
/REP,FAST   
/DIST,1,0.924021086472,1
/REP,FAST   
/DIST,1,1.08222638492,1 
/REP,FAST   
/DIST,1,1.08222638492,1 
/REP,FAST   
/DIST,1,1.08222638492,1 
/REP,FAST   
/DIST,1,1.08222638492,1 
/REP,FAST   
/DIST,1,1.08222638492,1 
/REP,FAST   
/DIST,1,1.08222638492,1 
/REP,FAST   
/DIST,1,1.08222638492,1 
/REP,FAST   
/DIST,1,1.08222638492,1 
/REP,FAST   
/DIST,1,1.08222638492,1 
/REP,FAST   
/DIST,1,0.924021086472,1
/REP,FAST   
/DIST,1,0.924021086472,1
/REP,FAST   
/DIST,1,0.924021086472,1
/REP,FAST   
/DIST,1,0.924021086472,1
/REP,FAST   
/DIST,1,0.924021086472,1
/REP,FAST   
/DIST,1,0.924021086472,1
/REP,FAST   
/DIST,1,0.924021086472,1
/REP,FAST   
/DIST,1,1.08222638492,1 
/REP,FAST   
/DIST,1,1.08222638492,1 
/REP,FAST   
/DIST,1,1.08222638492,1 
/REP,FAST   
FLST,2,1,1,ORDE,1   
FITEM,2,1   
!*  
/GO 
D,P51X, , , , , ,ALL, , , , ,   
FLST,2,1,1,ORDE,1   
FITEM,2,2   
!*  
/GO 
F,P51X,FY,1 
FLST,2,1,1,ORDE,1   
FITEM,2,2   
FDELE,P51X,ALL  
FLST,2,1,1,ORDE,1   
FITEM,2,2   
!*  
/GO 
F,P51X,FY,-1
FINISH  
/SOL
SAVE
/STATUS,SOLU
SOLVE   
FINISH  
/PREP7  
!*  
MPTEMP,,,,,,,,  
MPTEMP,1,0  
MPDE,EX,1   
MPDE,EY,1   
MPDE,EZ,1   
MPDE,NUXY,1 
MPDE,PRXY,1 
MPDE,PRYZ,1 
MPDE,PRXZ,1 
MPDE,GXY,1  
MPDE,GYZ,1  
MPDE,GXZ,1  
MPDATA,EX,1,,2.034E+011 
MPDATA,PRXY,1,,0.29 
MPTEMP,,,,,,,,  
MPTEMP,1,0  
MPDE,NUXY,1 
MPDE,NUYZ,1 
MPDE,NUXZ,1 
MPDE,PRXY,1 
MPDE,PRYZ,1 
MPDE,PRXZ,1 
MPDE,EX,1   
MPDATA,EX,1,,2.034E+011 
MPDATA,EY,1,,   
MPDATA,EZ,1,,   
MPDATA,PRXY,1,,0.29 
MPDATA,PRYZ,1,, 
MPDATA,PRXZ,1,, 
MPDATA,GXY,1,,  
MPDATA,GYZ,1,,  
MPDATA,GXZ,1,,  
MPTEMP,,,,,,,,  
MPTEMP,1,0  
MPDE,EX,1   
MPDE,EY,1   
MPDE,EZ,1   
MPDE,PRXY,1 
MPDE,PRYZ,1 
MPDE,PRXZ,1 
MPDE,GXY,1  
MPDE,GYZ,1  
MPDE,GXZ,1  
MPDATA,EX,1,,2.034E+011 
MPDATA,PRXY,1,,0.29 
MPTEMP,,,,,,,,  
MPTEMP,1,0  
MPDE,NUXY,1 
MPDE,NUYZ,1 
MPDE,NUXZ,1 
MPDE,PRXY,1 
MPDE,PRYZ,1 
MPDE,PRXZ,1 
MPDE,EX,1   
MPDATA,EX,1,,   
MPDATA,EY,1,,   
MPDATA,EZ,1,,   
MPDATA,PRXY,1,, 
MPDATA,PRYZ,1,, 
MPDATA,PRXZ,1,, 
MPDATA,GXY,1,,  
MPDATA,GYZ,1,,  
MPDATA,GXZ,1,,  
MPTEMP,,,,,,,,  
MPTEMP,1,0  
MPDE,DENS,1 
MPDATA,DENS,1,,7850 
MPTEMP,,,,,,,,  
MPTEMP,1,0  
MPDE,NUXY,1 
MPDE,NUYZ,1 
MPDE,NUXZ,1 
MPDE,PRXY,1 
MPDE,PRYZ,1 
MPDE,PRXZ,1 
MPDE,EX,1   
MPDATA,EX,1,,0  
MPDE,EY,1   
MPDATA,EY,1,,0  
MPDE,EZ,1   
MPDATA,EZ,1,,0  
MPDATA,PRXY,1,,0
MPDATA,PRYZ,1,,0
MPDATA,PRXZ,1,,0
MPDE,GXY,1  
MPDATA,GXY,1,,0 
MPDE,GYZ,1  
MPDATA,GYZ,1,,0 
MPDE,GXZ,1  
MPDATA,GXZ,1,,0 
MPDE,EX,1   
MPDE,EY,1   
MPDE,EZ,1   
MPDE,PRXY,1 
MPDE,PRYZ,1 
MPDE,PRXZ,1 
MPDE,NUXY,1 
MPDE,NUYZ,1 
MPDE,NUXZ,1 
MPDE,GXY,1  
MPDE,GYZ,1  
MPDE,GXZ,1  
MPTEMP,,,,,,,,  
MPTEMP,1,0  
MPDATA,EX,1,,2.0340e+11 
MPDATA,PRXY,1,,0.29 
FINISH  
/SOL
/STATUS,SOLU
SOLVE   
FINISH  
/POST1  
PLDISP,0
PLDISP,1
SET,LIST
AVPRIN,0, , 
ETABLE, ,U,X
!*  
ETABLE,,ERASE,1 
AVPRIN,0, , 
ETABLE, ,U,Y
!*  
AVPRIN,0, , 
ETABLE, ,ROT,Z  
!*  
PRETAB,UY,ROTZ  
!*  
AVPRIN,0, , 
ETABLE, ,S,X
!*  
AVPRIN,0, , 
ETABLE, ,S,X
!*  
AVPRIN,0, , 
ETABLE,SX,S,X   
!*  
PLETAB,UY,NOAV  
PRETAB,UY,ROTZ  
!*  
!*  
PRNSOL,ROT,COMP 
!*  
PRNSOL,U,COMP   
/REPLOT 
NPLOT   
EPLOT   
/PNUM,KP,0  
/PNUM,LINE,0
/PNUM,AREA,0
/PNUM,VOLU,0
/PNUM,NODE,1
/PNUM,TABN,0
/PNUM,SVAL,0
/NUMBER,0   
!*  
/PNUM,ELEM,0
/REPLOT 
!*  
/PNUM,KP,0  
/PNUM,LINE,0
/PNUM,AREA,0
/PNUM,VOLU,0
/PNUM,NODE,1
/PNUM,TABN,0
/PNUM,SVAL,0
/NUMBER,0   
!*  
/PNUM,ELEM,0
/REPLOT 
!*  
!*  
/PSF,DEFA, ,1,0,1   
/PBF,DEFA, ,1   
/PIC,DEFA, ,1   
/PSYMB,CS,0 
/PSYMB,NDIR,0   
/PSYMB,ESYS,0   
/PSYMB,LDIV,0   
/PSYMB,LDIR,0   
/PSYMB,ADIR,0   
/PSYMB,ECON,0   
/PSYMB,XNODE,0  
/PSYMB,DOT,1
/PSYMB,PCONV,   
/PSYMB,LAYR,0   
/PSYMB,FBCS,0   
!*  
/PBC,ALL,,1 
/PBC,NFOR,,0
/PBC,NMOM,,0
/PBC,RFOR,,0
/PBC,RMOM,,0
/PBC,PATH,,0
/REP
!*  
EPLOT   
EPLOT   
NPLOT   
EPLOT   
SAVE
PLDISP,1
SAVE
SAVE,'Example_01_11E','db','C:\Users\HAOLI~1\ONEDRI~1\COURSE~1\2016_F~1\HW\Project1\ANSYS_01\'  
FINISH  
/SOL
FINISH  
/PREP7  
FINISH  
/POST1  
SET,LIST,2  
!*  
PRNSOL,U,COMP   
FINISH  
/SOL
FINISH  
/PREP7  
FLST,2,10,2,ORDE,2  
FITEM,2,1   
FITEM,2,-10 
EDELE,P51X  
EPLOT   
FLST,2,10,2,ORDE,2  
FITEM,2,1   
FITEM,2,-10 
EDELE,P51X  
!*  
LESIZE,ALL, , ,11, ,1, , ,1,
LMESH,       1  
LCLEAR,       1 
LPLOT   
/UI,MESH,OFF
FLST,5,1,4,ORDE,1   
FITEM,5,1   
CM,_Y,LINE  
LSEL, , , ,P51X 
CM,_Y1,LINE 
CMSEL,,_Y   
!*  
LESIZE,_Y1, , ,11, , , , ,1 
!*  
LMESH,       1  
EPLOT   
FINISH  
/SOL
FLST,2,1,1,ORDE,1   
FITEM,2,1   
!*  
/GO 
D,P51X, , , , , ,ALL, , , , ,   
FLST,2,1,1,ORDE,1   
FITEM,2,2   
!*  
/GO 
F,P51X,FY,-1
/STATUS,SOLU
SOLVE   
FINISH  
/POST1  
PLDISP,1
!*  
/PSF,DEFA, ,1,0,1   
/PBF,DEFA, ,1   
/PIC,DEFA, ,1   
/PSYMB,CS,0 
/PSYMB,NDIR,0   
/PSYMB,ESYS,0   
/PSYMB,LDIV,0   
/PSYMB,LDIR,0   
/PSYMB,ADIR,0   
/PSYMB,ECON,0   
/PSYMB,XNODE,0  
/PSYMB,DOT,1
/PSYMB,PCONV,   
/PSYMB,LAYR,0   
/PSYMB,FBCS,0   
!*  
/PBC,ALL,,1 
/PBC,NFOR,,0
/PBC,NMOM,,0
/PBC,RFOR,,0
/PBC,RMOM,,0
/PBC,PATH,,0
/REP
!*  
/PNUM,KP,0  
/PNUM,LINE,0
/PNUM,AREA,0
/PNUM,VOLU,0
/PNUM,NODE,0
/PNUM,TABN,0
/PNUM,SVAL,0
/NUMBER,0   
!*  
/PNUM,ELEM,1
/REPLOT 
!*  
SAVE,'Example_01_11E','db','C:\USERS\HAOLI~1\ONEDRI~1\COURSE~1\2016_F~1\HW\PROJECT1\ANSYS_01\'  
FINISH  
! /EXIT,ALL 
