/BATCH  
/COM,ANSYS RELEASE 12.1    UP20091102       21:30:32    10/26/2016
RESUME,'Example_01','db','.'
/COM,ANSYS RELEASE 12.1    UP20091102       21:30:33    10/26/2016
/PREP7  
FLST,2,11,2,ORDE,2  
FITEM,2,1   
FITEM,2,-11 
EDELE,P51X  
!*  
/SHRINK,0   
/ESHAPE,1.0 
/EFACET,1   
/RATIO,1,1,1
/CFORMAT,32,0   
/REPLOT 
!*  
!*  
/SHRINK,0   
/ESHAPE,1   
/EFACET,1   
/RATIO,1,1,1
/CFORMAT,32,0   
/REPLOT 
!*  
/DIST,1,0.924021086472,1
/REP,FAST   
/DIST,1,0.924021086472,1
/REP,FAST   
/DIST,1,0.924021086472,1
/REP,FAST   
/DIST,1,1.08222638492,1 
/REP,FAST   
/DIST,1,1.08222638492,1 
/REP,FAST   
/DIST,1,1.08222638492,1 
/REP,FAST   
/UI,BEAM,OFF
SECTYPE,   2, BEAM, RECT, wall, 0   
SECOFFSET, CENT 
SECDATA,0.1,0.1,0,0,0,0,0,0,0,0 
SECTYPE,3,TAPER, ,Taper 
SECDATA,   2,,,,
SECDATA,   1,25,,,  
!*  
!*  
/SHRINK,0   
/ESHAPE,1   
/EFACET,1   
/RATIO,1,1,1
/CFORMAT,32,0   
/REPLOT 
!*  
!*  
/SHRINK,0.5E-01 
/ESHAPE,1   
/EFACET,1   
/RATIO,1,1,1
/CFORMAT,32,0   
/REPLOT 
!*  
!*  
/SHRINK,0.5E-01 
/ESHAPE,1   
/EFACET,1   
/RATIO,1,1,1
/CFORMAT,32,0   
/REPLOT 
!*  
/UI,MESH,OFF
TYPE,   1   
MAT,       1
REAL,   
ESYS,       0   
SECNUM,   3 
!*  
!*  
LESIZE,ALL, , ,5, ,1, , ,1, 
!*  
/SHRINK,0.5E-01 
/ESHAPE,0.0 
/EFACET,1   
/RATIO,1,1,1
/CFORMAT,32,0   
/REPLOT 
!*  
LMESH,       1  
SMRT,6  
SMRT,OFF
/UI,MESH,OFF
FLST,5,1,4,ORDE,1   
FITEM,5,1   
CM,_Y,LINE  
LSEL, , , ,P51X 
CM,_Y1,LINE 
CMSEL,,_Y   
!*  
LESIZE,_Y1, , ,5, , , , ,1  
!*  
LMESH,       1  
LCLEAR,       1 
EPLOT   
LPLOT   
LMESH,       1  
!*  
/SHRINK,0.25
/ESHAPE,1.0 
/EFACET,1   
/RATIO,1,1,1
/CFORMAT,32,0   
/REPLOT 
!*  
SLIST,   1,   3, ,1,ALL 
SDELETE,   1,   1, ,0,NOCHECK   
SDELETE,   2,   2, ,0,NOCHECK   
SECTYPE,   1, BEAM, RECT, small, 0  
SECOFFSET, CENT 
SECDATA,1,1,0,0,0,0,0,0,0,0 
SECTYPE,   2, BEAM, RECT, big, 0
SECOFFSET, CENT 
SECDATA,5,5,0,0,0,0,0,0,0,0 
SDELETE,   3,   1, ,0,NOCHECK   
SDELETE,   3,   3, ,0,NOCHECK   
SECTYPE,3,TAPER, ,Taper 
SECDATA,   2,,,,
SECDATA,   1,25,,,  
!*  
LCLEAR,       1 
LPLOT   
LMESH,       1  
/DIST,1,1.08222638492,1 
/REP,FAST   
/DIST,1,1.08222638492,1 
/REP,FAST   
/DIST,1,0.924021086472,1
/REP,FAST   
EPLOT   
!*  
/SHRINK,0.25
/ESHAPE,0.0 
/EFACET,1   
/RATIO,1,1,1
/CFORMAT,32,0   
/REPLOT 
!*  
EPLOT   
/PNUM,KP,0  
/PNUM,LINE,0
/PNUM,AREA,0
/PNUM,VOLU,0
/PNUM,NODE,0
/PNUM,TABN,0
/PNUM,SVAL,0
/NUMBER,0   
!*  
/PNUM,ELEM,1
/REPLOT 
!*  
/PNUM,KP,0  
/PNUM,LINE,0
/PNUM,AREA,0
/PNUM,VOLU,0
/PNUM,NODE,0
/PNUM,TABN,0
/PNUM,SVAL,0
/NUMBER,0   
!*  
/PNUM,ELEM,1
/REPLOT 
!*  
!*  
/SHRINK,0   
/ESHAPE,1.0 
/EFACET,1   
/RATIO,1,1,1
/CFORMAT,32,0   
/REPLOT 
!*  
FINISH  
/SOL
FLST,2,1,1,ORDE,1   
FITEM,2,1   
!*  
/GO 
D,P51X, , , , , ,ALL, , , , ,   
FLST,2,1,1,ORDE,1   
FITEM,2,2   
!*  
/GO 
F,P51X,FY,-1
/STATUS,SOLU
SOLVE   
FINISH  
/POST1  
PLDISP,0
SET,LIST,2  
!*  
PRNSOL,U,COMP   
/PNUM,KP,0  
/PNUM,LINE,0
/PNUM,AREA,0
/PNUM,VOLU,0
/PNUM,NODE,1
/PNUM,TABN,0
/PNUM,SVAL,0
/NUMBER,0   
!*  
/PNUM,ELEM,0
/REPLOT 
!*  
/PNUM,KP,0  
/PNUM,LINE,0
/PNUM,AREA,0
/PNUM,VOLU,0
/PNUM,NODE,1
/PNUM,TABN,0
/PNUM,SVAL,0
/NUMBER,0   
!*  
/PNUM,ELEM,0
/REPLOT 
!*  
!*  
/SHRINK,0   
/ESHAPE,0.0 
/EFACET,1   
/RATIO,1,1,1
/CFORMAT,32,0   
/REPLOT 
!*  
FINISH  
/SOL
FINISH  
/PREP7  
LCLEAR,       1 
FLST,5,1,4,ORDE,1   
FITEM,5,1   
CM,_Y,LINE  
LSEL, , , ,P51X 
CM,_Y1,LINE 
CMSEL,,_Y   
!*  
LESIZE,_Y1, , ,6, , , , ,1  
!*  
!*  
/SHRINK,0   
/ESHAPE,1.0 
/EFACET,1   
/RATIO,1,1,1
/CFORMAT,32,0   
/REPLOT 
!*  
LMESH,       1  
FINISH  
/SOL
/STATUS,SOLU
SOLVE   
LSCLEAR,ALL 
FLST,2,1,1,ORDE,1   
FITEM,2,1   
!*  
/GO 
D,P51X, , , , , ,ALL, , , , ,   
FLST,2,1,1,ORDE,1   
FITEM,2,2   
!*  
/GO 
F,P51X,FY,-1
/STATUS,SOLU
SOLVE   
FINISH  
/POST1  
SET,LIST,2  
/REPLOT,RESIZE  
PLDISP,0
!*  
PRNSOL,U,COMP   
FINISH  
/PREP7  
LCLEAR,       1 
FLST,5,1,4,ORDE,1   
FITEM,5,1   
CM,_Y,LINE  
LSEL, , , ,P51X 
CM,_Y1,LINE 
CMSEL,,_Y   
!*  
LESIZE,_Y1, , ,7, , , , ,1  
!*  
FINISH  
/SOL
FINISH  
/PREP7  
LMESH,       1  
FINISH  
/SOL
FLST,2,1,1,ORDE,1   
FITEM,2,1   
FLST,2,1,1,ORDE,1   
FITEM,2,1   
!*  
/GO 
D,P51X, , , , , ,ALL, , , , ,   
FLST,2,1,1,ORDE,1   
FITEM,2,2   
!*  
/GO 
F,P51X,FY,-1
FINISH  
/POST1  
FINISH  
/SOL
/STATUS,SOLU
SOLVE   
FINISH  
/POST1  
PLDISP,0
!*  
PRNSOL,U,COMP   
FINISH  
/PREP7  
LCLEAR,       1 
FLST,5,1,4,ORDE,1   
FITEM,5,1   
CM,_Y,LINE  
LSEL, , , ,P51X 
CM,_Y1,LINE 
CMSEL,,_Y   
!*  
LESIZE,_Y1, , ,8, , , , ,1  
!*  
LMESH,       1  
FINISH  
/SOL
FLST,2,1,1,ORDE,1   
FITEM,2,1   
!*  
/GO 
D,P51X, , , , , ,ALL, , , , ,   
FLST,2,1,1,ORDE,1   
FITEM,2,2   
!*  
/GO 
F,P51X,FY,-1
/STATUS,SOLU
SOLVE   
FINISH  
/POST1  
SET,LIST,2  
!*  
PRNSOL,U,COMP   
EPLOT   
!*  
/PSF,DEFA, ,1,0,1   
/PBF,DEFA, ,1   
/PIC,DEFA, ,1   
/PSYMB,CS,0 
/PSYMB,NDIR,0   
/PSYMB,ESYS,0   
/PSYMB,LDIV,0   
/PSYMB,LDIR,0   
/PSYMB,ADIR,0   
/PSYMB,ECON,0   
/PSYMB,XNODE,0  
/PSYMB,DOT,1
/PSYMB,PCONV,   
/PSYMB,LAYR,0   
/PSYMB,FBCS,0   
!*  
/PBC,ALL,,1 
/PBC,NFOR,,0
/PBC,NMOM,,0
/PBC,RFOR,,0
/PBC,RMOM,,0
/PBC,PATH,,0
/REP
!*  
SET,LIST,2  
PLDISP,1
FINISH  
/SOL
FINISH  
/PREP7  
SDELETE,   1,   1, ,0,NOCHECK   
SDELETE,   2,   2, ,0,NOCHECK   
SECTYPE,   1, BEAM, RECT, small, 0  
SECOFFSET, CENT 
SECDATA,0.02,0.02,0,0,0,0,0,0,0,0   
SECTYPE,   2, BEAM, RECT, big, 0
SECOFFSET, CENT 
SECDATA,0.1,0.1,0,0,0,0,0,0,0,0 
SLIST,   1,   3, ,1,ALL 
SDELETE,   3,   3, ,0,NOCHECK   
SECTYPE,3,TAPER, ,Taper 
SECDATA,   2,,,,
SECDATA,   1,25,,,  
!*  
LCLEAR,       1 
LMESH,       1  
EPLOT   
/DIST,1,0.924021086472,1
/REP,FAST   
/DIST,1,0.924021086472,1
/REP,FAST   
/DIST,1,0.924021086472,1
/REP,FAST   
/DIST,1,0.924021086472,1
/REP,FAST   
/DIST,1,0.924021086472,1
/REP,FAST   
/DIST,1,0.924021086472,1
/REP,FAST   
/DIST,1,0.924021086472,1
/REP,FAST   
/DIST,1,0.924021086472,1
/REP,FAST   
/DIST,1,0.924021086472,1
/REP,FAST   
/DIST,1,0.924021086472,1
/REP,FAST   
/DIST,1,1.08222638492,1 
/REP,FAST   
/DIST,1,1.08222638492,1 
/REP,FAST   
/DIST,1,1.08222638492,1 
/REP,FAST   
/DIST,1,1.08222638492,1 
/REP,FAST   
/DIST,1,1.08222638492,1 
/REP,FAST   
/DIST,1,1.08222638492,1 
/REP,FAST   
/DIST,1,1.08222638492,1 
/REP,FAST   
/DIST,1,1.08222638492,1 
/REP,FAST   
/DIST,1,1.08222638492,1 
/REP,FAST   
/DIST,1,0.924021086472,1
/REP,FAST   
/DIST,1,0.924021086472,1
/REP,FAST   
/DIST,1,0.924021086472,1
/REP,FAST   
/DIST,1,0.924021086472,1
/REP,FAST   
/DIST,1,0.924021086472,1
/REP,FAST   
/DIST,1,0.924021086472,1
/REP,FAST   
/DIST,1,1.08222638492,1 
/REP,FAST   
/DIST,1,1.08222638492,1 
/REP,FAST   
/DIST,1,1.08222638492,1 
/REP,FAST   
/DIST,1,1.08222638492,1 
/REP,FAST   
/DIST,1,1.08222638492,1 
/REP,FAST   
/DIST,1,0.924021086472,1
/REP,FAST   
/DIST,1,0.924021086472,1
/REP,FAST   
/DIST,1,0.924021086472,1
/REP,FAST   
/DIST,1,0.924021086472,1
/REP,FAST   
/DIST,1,0.924021086472,1
/REP,FAST   
/DIST,1,0.924021086472,1
/REP,FAST   
/DIST,1,1.08222638492,1 
/REP,FAST   
/DIST,1,1.08222638492,1 
/REP,FAST   
/DIST,1,1.08222638492,1 
/REP,FAST   
/DIST,1,1.08222638492,1 
/REP,FAST   
/DIST,1,1.08222638492,1 
/REP,FAST   
/DIST,1,0.924021086472,1
/REP,FAST   
/DIST,1,1.08222638492,1 
/REP,FAST   
FLST,2,1,1,ORDE,1   
FITEM,2,1   
!*  
/GO 
D,P51X, , , , , ,ALL, , , , ,   
FLST,2,1,1,ORDE,1   
FITEM,2,2   
!*  
/GO 
F,P51X,FY,-1
FINISH  
/SOL
/STATUS,SOLU
SOLVE   
FINISH  
/POST1  
!*  
PRNSOL,U,COMP   
FINISH  
/PREP7  
!*  
MPTEMP,,,,,,,,  
MPTEMP,1,0  
MPDE,DENS,1 
MPDATA,DENS,1,,7850 
MPTEMP,,,,,,,,  
MPTEMP,1,0  
MPDE,EX,1   
MPDE,NUXY,1 
MPDE,PRXY,1 
MPDATA,EX,1,,2.034E+011 
MPDATA,PRXY,1,,0.29 
LCLEAR,       1 
SECTYPE,3,TAPER, ,Taper 
SECDATA,   2,,,,
SECDATA,   1,25,,,  
!*  
FLST,5,1,4,ORDE,1   
FITEM,5,1   
CM,_Y,LINE  
LSEL, , , ,P51X 
CM,_Y1,LINE 
CMSEL,,_Y   
!*  
LESIZE,_Y1, , ,8, , , , ,1  
!*  
LMESH,       1  
/PNUM,KP,0  
/PNUM,LINE,0
/PNUM,AREA,0
/PNUM,VOLU,0
/PNUM,NODE,0
/PNUM,TABN,0
/PNUM,SVAL,0
/NUMBER,0   
!*  
/PNUM,ELEM,1
/REPLOT 
!*  
/DIST,1,0.924021086472,1
/REP,FAST   
/DIST,1,0.924021086472,1
/REP,FAST   
/DIST,1,0.924021086472,1
/REP,FAST   
/DIST,1,0.924021086472,1
/REP,FAST   
/DIST,1,0.924021086472,1
/REP,FAST   
/DIST,1,0.924021086472,1
/REP,FAST   
/DIST,1,0.924021086472,1
/REP,FAST   
/DIST,1,0.924021086472,1
/REP,FAST   
/DIST,1,0.924021086472,1
/REP,FAST   
/DIST,1,0.924021086472,1
/REP,FAST   
/DIST,1,0.924021086472,1
/REP,FAST   
/DIST,1,0.924021086472,1
/REP,FAST   
/DIST,1,1.08222638492,1 
/REP,FAST   
/DIST,1,1.08222638492,1 
/REP,FAST   
/DIST,1,1.08222638492,1 
/REP,FAST   
/DIST,1,1.08222638492,1 
/REP,FAST   
/DIST,1,1.08222638492,1 
/REP,FAST   
/DIST,1,1.08222638492,1 
/REP,FAST   
/DIST,1,1.08222638492,1 
/REP,FAST   
/DIST,1,1.08222638492,1 
/REP,FAST   
/DIST,1,1.08222638492,1 
/REP,FAST   
/DIST,1,1.08222638492,1 
/REP,FAST   
/DIST,1,1.08222638492,1 
/REP,FAST   
/DIST,1,1.08222638492,1 
/REP,FAST   
!*  
/SHRINK,0   
/ESHAPE,0.0 
/EFACET,1   
/RATIO,1,1,1
/CFORMAT,32,0   
/REPLOT 
!*  
FLST,2,1,1,ORDE,1   
FITEM,2,1   
!*  
/GO 
D,P51X, , , , , ,ALL, , , , ,   
FLST,2,1,1,ORDE,1   
FITEM,2,2   
!*  
/GO 
F,P51X,FY,-1
FINISH  
/SOL
/STATUS,SOLU
SOLVE   
FINISH  
/POST1  
!*  
PRNSOL,U,COMP   
FINISH  
/SOL
FINISH  
/PREP7  
LCLEAR,       1 
!*  
LESIZE,ALL, , ,7, ,1, , ,1, 
LMESH,       1  
FLST,2,1,1,ORDE,1   
FITEM,2,1   
!*  
/GO 
D,P51X, , , , , ,ALL, , , , ,   
FLST,2,1,1,ORDE,1   
FITEM,2,2   
!*  
/GO 
F,P51X,FY,-1
FINISH  
/SOL
/STATUS,SOLU
SOLVE   
FINISH  
/POST1  
!*  
PRNSOL,U,COMP   
FINISH  
/SOL
FINISH  
/PREP7  
LCLEAR,       1 
FLST,5,1,4,ORDE,1   
FITEM,5,1   
CM,_Y,LINE  
LSEL, , , ,P51X 
CM,_Y1,LINE 
CMSEL,,_Y   
!*  
LESIZE,_Y1, , ,6, , , , ,1  
!*  
/UI,BEAM,OFF
LMESH,       1  
FINISH  
/SOL
/STATUS,SOLU
SOLVE   
FLST,2,1,1,ORDE,1   
FITEM,2,2   
!*  
/GO 
F,P51X,FY,-1
FLST,2,1,1,ORDE,1   
FITEM,2,1   
!*  
/GO 
D,P51X, , , , , ,ALL, , , , ,   
/STATUS,SOLU
SOLVE   
FINISH  
/POST1  
!*  
PRNSOL,U,COMP   
FINISH  
/PREP7  
LCLEAR,       1 
FLST,5,1,4,ORDE,1   
FITEM,5,1   
CM,_Y,LINE  
LSEL, , , ,P51X 
CM,_Y1,LINE 
CMSEL,,_Y   
!*  
LESIZE,_Y1, , ,5, , , , ,1  
!*  
LMESH,       1  
FLST,2,1,1,ORDE,1   
FITEM,2,1   
!*  
/GO 
D,P51X, , , , , ,ALL, , , , ,   
FLST,2,1,1,ORDE,1   
FITEM,2,2   
!*  
/GO 
F,P51X,FY,-1
FINISH  
/SOL
/STATUS,SOLU
SOLVE   
FINISH  
/POST1  
!*  
PRNSOL,U,COMP   
PLDISP,1
FINISH  
/PREP7  
LCLEAR,       1 
FLST,5,1,4,ORDE,1   
FITEM,5,1   
CM,_Y,LINE  
LSEL, , , ,P51X 
CM,_Y1,LINE 
CMSEL,,_Y   
!*  
LESIZE,_Y1, , ,8, , , , ,1  
!*  
LMESH,       1  
FINISH  
/SOL
FLST,2,1,1,ORDE,1   
FITEM,2,1   
!*  
/GO 
D,P51X, , , , , ,ALL, , , , ,   
FLST,2,1,1,ORDE,1   
FITEM,2,2   
!*  
/GO 
F,P51X,FY,-1
/STATUS,SOLU
SOLVE   
FINISH  
/POST1  
PLDISP,1
/DIST,1,0.924021086472,1
/REP,FAST   
/DIST,1,0.924021086472,1
/REP,FAST   
/DIST,1,1.08222638492,1 
/REP,FAST   
/DIST,1,1.08222638492,1 
/REP,FAST   
/DIST,1,1.08222638492,1 
/REP,FAST   
!*  
/SHRINK,0   
/ESHAPE,1.0 
/EFACET,1   
/RATIO,1,1,1
/CFORMAT,32,0   
/REPLOT 
!*  
!*  
/SHRINK,0.15
/ESHAPE,1   
/EFACET,1   
/RATIO,1,1,1
/CFORMAT,32,0   
/REPLOT 
!*  
!*  
/SHRINK,0   
/ESHAPE,0.0 
/EFACET,1   
/RATIO,1,1,1
/CFORMAT,32,0   
/REPLOT 
!*  
/DIST,1,0.924021086472,1
/REP,FAST   
/DIST,1,0.924021086472,1
/REP,FAST   
/DIST,1,1.08222638492,1 
/REP,FAST   
/DIST,1,1.08222638492,1 
/REP,FAST   
SAVE
FINISH  
! /EXIT,ALL 
